2025-06-08 09:54:52,825 - semgrep.run_scan - DEBUG - semgrep version 1.2.0
2025-06-08 09:54:52,831 - semgrep.git - DEBUG - Failed to get project url from 'git ls-remote': Command failed with exit code: 128
-----
Command failed with output:
fatal: No remote configured to list refs from.


Failed to run 'git ls-remote --get-url'. Possible reasons:

- the git binary is not available
- the current working directory is not a git repository
- the baseline commit is not a parent of the current commit
    (if you are running through semgrep-app, check if you are setting `SEMGREP_BRANCH` or `SEMGREP_BASELINE_COMMIT` properly)
- the current working directory is not marked as safe
    (fix with `git config --global --add safe.directory $(pwd)`)

Try running the command yourself to debug the issue.
2025-06-08 09:54:52,832 - semgrep.config_resolver - DEBUG - Loading local config from /home/runner/workspace/.config/.semgrep/semgrep_rules.json
2025-06-08 09:54:52,841 - semgrep.config_resolver - DEBUG - Done loading local config from /home/runner/workspace/.config/.semgrep/semgrep_rules.json
2025-06-08 09:54:52,845 - semgrep.config_resolver - DEBUG - Saving rules to /tmp/semgrep-8jyhzt0f.rules
2025-06-08 09:54:53,016 - semgrep.semgrep_core - DEBUG - Failed to open resource semgrep-core-proprietary: [Errno 2] No such file or directory: '/tmp/_MEIrzd2pB/semgrep/bin/semgrep-core-proprietary'.
2025-06-08 09:54:53,467 - semgrep.rule_lang - DEBUG - semgrep-core validation response: valid=True
2025-06-08 09:54:53,467 - semgrep.rule_lang - DEBUG - semgrep-core validation succeeded
2025-06-08 09:54:53,467 - semgrep.rule_lang - DEBUG - RPC validation succeeded
2025-06-08 09:54:53,468 - semgrep.config_resolver - DEBUG - loaded 1 configs in 0.6361813545227051
2025-06-08 09:54:53,539 - semgrep.run_scan - VERBOSE - running 712 rules from 1 config /home/runner/workspace/.config/.semgrep/semgrep_rules.json_0
2025-06-08 09:54:53,539 - semgrep.run_scan - VERBOSE - No .semgrepignore found. Using default .semgrepignore rules. See the docs for the list of default ignores: https://semgrep.dev/docs/cli-usage/#ignore-files
2025-06-08 09:54:53,541 - semgrep.run_scan - VERBOSE - Rules:
2025-06-08 09:54:53,541 - semgrep.run_scan - VERBOSE - <SKIPPED DATA (too many entries; use --max-log-list-entries)>
2025-06-08 09:54:54,013 - semgrep.core_runner - DEBUG - Passing whole rules directly to semgrep_core
2025-06-08 09:54:54,181 - semgrep.core_runner - DEBUG - Running Semgrep engine with command:
2025-06-08 09:54:54,181 - semgrep.core_runner - DEBUG - /tmp/_MEIrzd2pB/semgrep/bin/opengrep-core -json -rules /tmp/tmp_63wouow.json -j 8 -targets /tmp/tmpvjvbjgix -timeout 5 -timeout_threshold 3 -max_memory 0 -fast
2025-06-08 09:55:01,786 - semgrep.core_runner - DEBUG - --- semgrep-core stderr ---
[00.07][[34mINFO[0m]: Executed as: /tmp/_MEIrzd2pB/semgrep/bin/opengrep-core -json -rules /tmp/tmp_63wouow.json -j 8 -targets /tmp/tmpvjvbjgix -timeout 5 -timeout_threshold 3 -max_memory 0 -fast
[00.07][[34mINFO[0m]: Version: 1.2.0
[00.07][[34mINFO[0m]: Parsing rules in /tmp/tmp_63wouow.json
[00.52][[34mINFO[0m]: scan: processing 339 files (skipping 0), with 454 rules (skipping 0 )
[02.00][[33mWARNING[0m]: Fixpoint timeout while performing taint analysis [rule: config..semgrep.vendored-rules.javascript.express.security.require-request file: server/routes.ts func: registerRoutes:4108]
[0m[04.06][[33mWARNING[0m]: Fixpoint timeout while performing taint analysis [rule: config..semgrep.vendored-rules.javascript.lang.security.audit.detect-non-literal-require file: server/storage.ts func: getPerformanceMetrics:36767]
[0m[04.80][[33mWARNING[0m]: Fixpoint timeout while performing taint analysis [rule: config..semgrep.vendored-rules.javascript.lang.security.audit.detect-non-literal-fs-filename file: server/storage.ts func: getPerformanceMetrics:36767]
[0m[05.04][[33mWARNING[0m]: Fixpoint timeout while performing taint analysis [rule: config..semgrep.vendored-rules.javascript.lang.security.audit.detect-non-literal-fs-filename file: server/contract-service.ts func: executeArbitrage:47879]
[0m[06.18][[33mWARNING[0m]: Fixpoint timeout while performing taint analysis [rule: config..semgrep.vendored-rules.javascript.express.security.injection.raw-html-format file: server/routes-backup.ts func: registerRoutes:52634]
[0m[06.42][[33mWARNING[0m]: Fixpoint timeout while performing taint analysis [rule: config..semgrep.vendored-rules.javascript.express.security.audit.xss.direct-response-write file: server/routes-backup.ts func: registerRoutes:52634]
[0m[06.75][[33mWARNING[0m]: Fixpoint timeout while performing taint analysis [rule: config..semgrep.vendored-rules.javascript.express.security.express-wkhtmltoimage-injection file: server/routes-backup.ts func: registerRoutes:52634]
[0m[06.92][[33mWARNING[0m]: Fixpoint timeout while performing taint analysis [rule: config..semgrep.vendored-rules.javascript.express.security.x-frame-options-misconfiguration file: server/routes-backup.ts func: registerRoutes:52634]
[0m[07.11][[33mWARNING[0m]: Fixpoint timeout while performing taint analysis [rule: config..semgrep.vendored-rules.javascript.express.security.require-request file: server/routes-backup.ts func: registerRoutes:52634]
[0m[07.30][[33mWARNING[0m]: Fixpoint timeout while performing taint analysis [rule: config..semgrep.vendored-rules.javascript.express.security.cors-misconfiguration file: server/routes-backup.ts func: registerRoutes:52634]
[0m[07.56][[34mINFO[0m]: Custom ignore pattern: None
[07.56][[34mINFO[0m]: Custom ignore pattern: None
--- end semgrep-core stderr ---
2025-06-08 09:55:01,791 - semgrep.rule_match - DEBUG - match_key = ('', PosixPath('client/index.html'), 'config..semgrep.vendored-rules.html.security.audit.missing-integrity') match_id = 0ee74fd49637bebe183eca7188dbde26e386314e62cc2e7ba1ee60b377b638243fcd84e6c6fa04886198ccacfa6a711bfbcc61a28f9ddc913d5b3c53083cbc90_0
2025-06-08 09:55:01,792 - semgrep.rule_match - DEBUG - match_key = (' type="text/javascript" src="https://replit.com/public/js/replit-dev-banner.js" (?is).*integrity= (google-analytics\\.com|fonts\\.googleapis\\.com|fonts\\.gstatic\\.com|googletagmanager\\.com) .*rel\\s*=\\s*[\'"]?preconnect.* href="... :// ..." href="//..." href=\'... :// ...\' href=\'//...\' src="... :// ..." src="//..." src=\'... :// ...\' src=\'//...\' <link  type="text/javascript" src="https://replit.com/public/js/replit-dev-banner.js" > <script  type="text/javascript" src="https://replit.com/public/js/replit-dev-banner.js" >...</script>', PosixPath('client/index.html'), 'config..semgrep.vendored-rules.html.security.audit.missing-integrity') match_id = 0728b64e224596592d04447ba8a642ff94e1fb9fcc07be26d49dc7e7f6898e638ad16ffcaca086932c58f4c6400fe32603323afef02cf9bfebcb0e4a53562a40_0
2025-06-08 09:55:01,792 - semgrep.rule_match - DEBUG - match_key = (' type="text/javascript" src="https://replit.com/public/js/replit-dev-banner.js" (?is).*integrity= (google-analytics\\.com|fonts\\.googleapis\\.com|fonts\\.gstatic\\.com|googletagmanager\\.com) .*rel\\s*=\\s*[\'"]?preconnect.* href="... :// ..." href="//..." href=\'... :// ...\' href=\'//...\' src="... :// ..." src="//..." src=\'... :// ...\' src=\'//...\' <link  type="text/javascript" src="https://replit.com/public/js/replit-dev-banner.js" > <script  type="text/javascript" src="https://replit.com/public/js/replit-dev-banner.js" >...</script>', PosixPath('client/index.html'), 'config..semgrep.vendored-rules.html.security.audit.missing-integrity') match_id = 0728b64e224596592d04447ba8a642ff94e1fb9fcc07be26d49dc7e7f6898e638ad16ffcaca086932c58f4c6400fe32603323afef02cf9bfebcb0e4a53562a40_0
2025-06-08 09:55:01,793 - semgrep.rule_match - DEBUG - match_key = (' type="text/javascript" src="https://replit.com/public/js/replit-dev-banner.js" (?is).*integrity= (google-analytics\\.com|fonts\\.googleapis\\.com|fonts\\.gstatic\\.com|googletagmanager\\.com) .*rel\\s*=\\s*[\'"]?preconnect.* href="... :// ..." href="//..." href=\'... :// ...\' href=\'//...\' src="... :// ..." src="//..." src=\'... :// ...\' src=\'//...\' <link  type="text/javascript" src="https://replit.com/public/js/replit-dev-banner.js" > <script  type="text/javascript" src="https://replit.com/public/js/replit-dev-banner.js" >...</script>', PosixPath('client/index.html'), 'config..semgrep.vendored-rules.html.security.audit.missing-integrity') match_id = 0728b64e224596592d04447ba8a642ff94e1fb9fcc07be26d49dc7e7f6898e638ad16ffcaca086932c58f4c6400fe32603323afef02cf9bfebcb0e4a53562a40_0
2025-06-08 09:55:01,794 - semgrep.rule_match - DEBUG - match_key = ('', PosixPath('server/auto-trader.ts'), 'config..semgrep.vendored-rules.javascript.lang.security.audit.unsafe-formatstring') match_id = 40fd0c987a9dfb09e89297478bf71579e1376fe27f5b36ffbed6482b85a0685eabe95324b5d1d8b4dd3256c9628e79ada7871bfda937e37f298b31b68985b8e0_0
2025-06-08 09:55:01,794 - semgrep.rule_match - DEBUG - match_key = ('"..." + "..."\n $X + $Y $X.concat($Y) `...${...}...`\n $X.concat("...")\n `Auto trading error for user userId: $UTIL = require(\'util\')\n...\n $UTIL.format(`Auto trading error for user userId:,error,...)\n console.error(`Auto trading error for user userId:,error,...)\n', PosixPath('server/auto-trader.ts'), 'config..semgrep.vendored-rules.javascript.lang.security.audit.unsafe-formatstring') match_id = eca9549a3bef196237574c9daff31ed65bc7d144a7b89e47163fed86b288241a5e8e87466270d928881c28224062db8ba41a73d86604e03e334022f8272848a6_0
2025-06-08 09:55:01,795 - semgrep.rule_match - DEBUG - match_key = ('"..." + "..."\n $X + $Y $X.concat($Y) `...${...}...`\n $X.concat("...")\n `Auto trading error for user userId: $UTIL = require(\'util\')\n...\n $UTIL.format(`Auto trading error for user userId:,error,...)\n console.error(`Auto trading error for user userId:,error,...)\n', PosixPath('server/auto-trader.ts'), 'config..semgrep.vendored-rules.javascript.lang.security.audit.unsafe-formatstring') match_id = eca9549a3bef196237574c9daff31ed65bc7d144a7b89e47163fed86b288241a5e8e87466270d928881c28224062db8ba41a73d86604e03e334022f8272848a6_0
2025-06-08 09:55:01,795 - semgrep.rule_match - DEBUG - match_key = ('"..." + "..."\n $X + $Y $X.concat($Y) `...${...}...`\n $X.concat("...")\n `Auto trading error for user userId: $UTIL = require(\'util\')\n...\n $UTIL.format(`Auto trading error for user userId:,error,...)\n console.error(`Auto trading error for user userId:,error,...)\n', PosixPath('server/auto-trader.ts'), 'config..semgrep.vendored-rules.javascript.lang.security.audit.unsafe-formatstring') match_id = eca9549a3bef196237574c9daff31ed65bc7d144a7b89e47163fed86b288241a5e8e87466270d928881c28224062db8ba41a73d86604e03e334022f8272848a6_0
2025-06-08 09:55:01,795 - semgrep.rule_match - DEBUG - match_key = ('', PosixPath('server/index.ts'), 'config..semgrep.vendored-rules.javascript.lang.security.audit.unsafe-formatstring') match_id = 90ef6dd8bf3ebf9fa0ce0f5eaee0b53ba6deb8645991781820851ac7cb8c89cc8221427658623d3516a1d8d64ab047ad1434dcec3d73cee2453889cfb14d82e8_0
2025-06-08 09:55:01,796 - semgrep.rule_match - DEBUG - match_key = ('"..." + "..."\n $X + $Y $X.concat($Y) `...${...}...`\n $X.concat("...")\n `JSON parsing error on req.path : $UTIL = require(\'util\')\n...\n $UTIL.format(`JSON parsing error on req.path :,err.message,...)\n console.error(`JSON parsing error on req.path :,err.message,...)\n', PosixPath('server/index.ts'), 'config..semgrep.vendored-rules.javascript.lang.security.audit.unsafe-formatstring') match_id = 570938d9780cd4cb0784856f34a77ba20204e53ef18cf2fdffc19573b647bef5897e3323817ee4b5757972ef3f9e8f7a2388b004a20e53aad8ca244b7b89eb0e_0
2025-06-08 09:55:01,796 - semgrep.rule_match - DEBUG - match_key = ('"..." + "..."\n $X + $Y $X.concat($Y) `...${...}...`\n $X.concat("...")\n `JSON parsing error on req.path : $UTIL = require(\'util\')\n...\n $UTIL.format(`JSON parsing error on req.path :,err.message,...)\n console.error(`JSON parsing error on req.path :,err.message,...)\n', PosixPath('server/index.ts'), 'config..semgrep.vendored-rules.javascript.lang.security.audit.unsafe-formatstring') match_id = 570938d9780cd4cb0784856f34a77ba20204e53ef18cf2fdffc19573b647bef5897e3323817ee4b5757972ef3f9e8f7a2388b004a20e53aad8ca244b7b89eb0e_0
2025-06-08 09:55:01,797 - semgrep.rule_match - DEBUG - match_key = ('"..." + "..."\n $X + $Y $X.concat($Y) `...${...}...`\n $X.concat("...")\n `JSON parsing error on req.path : $UTIL = require(\'util\')\n...\n $UTIL.format(`JSON parsing error on req.path :,err.message,...)\n console.error(`JSON parsing error on req.path :,err.message,...)\n', PosixPath('server/index.ts'), 'config..semgrep.vendored-rules.javascript.lang.security.audit.unsafe-formatstring') match_id = 570938d9780cd4cb0784856f34a77ba20204e53ef18cf2fdffc19573b647bef5897e3323817ee4b5757972ef3f9e8f7a2388b004a20e53aad8ca244b7b89eb0e_0
2025-06-08 09:55:01,797 - semgrep.rule_match - DEBUG - match_key = ('', PosixPath('server/on-chain-price-service.ts'), 'config..semgrep.vendored-rules.javascript.lang.security.audit.unsafe-formatstring') match_id = afd72e5170955f678a8ea0d84d884810767d954e318b3e724c8d50c0e5879b68bb7b1c782f7e19d1252fb57dc2190cf8fe794c020f965347c0c44da51afbb72f_0
2025-06-08 09:55:01,798 - semgrep.rule_match - DEBUG - match_key = ('"..." + "..."\n $X + $Y $X.concat($Y) `...${...}...`\n $X.concat("...")\n `Failed to get token0Symbol/token1Symbol price from dexName: $UTIL = require(\'util\')\n...\n $UTIL.format(`Failed to get token0Symbol/token1Symbol price from dexName:,error,...)\n console.error(`Failed to get token0Symbol/token1Symbol price from dexName:,error,...)\n', PosixPath('server/on-chain-price-service.ts'), 'config..semgrep.vendored-rules.javascript.lang.security.audit.unsafe-formatstring') match_id = 3357fdaf5c174a88389682cb8bfeac3b57aeae63bada3b849a49a347cb13fafd981a92366ab4d58efd7e581ef531588b1d5d4ef53e30a1c8eb6ff3c675b2020f_0
2025-06-08 09:55:01,798 - semgrep.rule_match - DEBUG - match_key = ('"..." + "..."\n $X + $Y $X.concat($Y) `...${...}...`\n $X.concat("...")\n `Failed to get token0Symbol/token1Symbol price from dexName: $UTIL = require(\'util\')\n...\n $UTIL.format(`Failed to get token0Symbol/token1Symbol price from dexName:,error,...)\n console.error(`Failed to get token0Symbol/token1Symbol price from dexName:,error,...)\n', PosixPath('server/on-chain-price-service.ts'), 'config..semgrep.vendored-rules.javascript.lang.security.audit.unsafe-formatstring') match_id = 3357fdaf5c174a88389682cb8bfeac3b57aeae63bada3b849a49a347cb13fafd981a92366ab4d58efd7e581ef531588b1d5d4ef53e30a1c8eb6ff3c675b2020f_0
2025-06-08 09:55:01,799 - semgrep.rule_match - DEBUG - match_key = ('"..." + "..."\n $X + $Y $X.concat($Y) `...${...}...`\n $X.concat("...")\n `Failed to get token0Symbol/token1Symbol price from dexName: $UTIL = require(\'util\')\n...\n $UTIL.format(`Failed to get token0Symbol/token1Symbol price from dexName:,error,...)\n console.error(`Failed to get token0Symbol/token1Symbol price from dexName:,error,...)\n', PosixPath('server/on-chain-price-service.ts'), 'config..semgrep.vendored-rules.javascript.lang.security.audit.unsafe-formatstring') match_id = 3357fdaf5c174a88389682cb8bfeac3b57aeae63bada3b849a49a347cb13fafd981a92366ab4d58efd7e581ef531588b1d5d4ef53e30a1c8eb6ff3c675b2020f_0
2025-06-08 09:55:01,799 - semgrep.rule_match - DEBUG - match_key = ('', PosixPath('server/on-chain-price-service.ts'), 'config..semgrep.vendored-rules.javascript.lang.security.audit.unsafe-formatstring') match_id = afd72e5170955f678a8ea0d84d884810767d954e318b3e724c8d50c0e5879b68bb7b1c782f7e19d1252fb57dc2190cf8fe794c020f965347c0c44da51afbb72f_0
2025-06-08 09:55:01,800 - semgrep.rule_match - DEBUG - match_key = ('"..." + "..."\n $X + $Y $X.concat($Y) `...${...}...`\n $X.concat("...")\n `Error getting dexName price for token0Symbol/token1Symbol: $UTIL = require(\'util\')\n...\n $UTIL.format(`Error getting dexName price for token0Symbol/token1Symbol:,error,...)\n console.error(`Error getting dexName price for token0Symbol/token1Symbol:,error,...)\n', PosixPath('server/on-chain-price-service.ts'), 'config..semgrep.vendored-rules.javascript.lang.security.audit.unsafe-formatstring') match_id = bb0289a92d8a2dec5971cdff21566b11b6da223f15fc4bb8832ab39802b2add8ff5b0d88ba899e0d0faa12f61b942ba164605ab53efe32a5523765d8846a802c_0
2025-06-08 09:55:01,800 - semgrep.rule_match - DEBUG - match_key = ('"..." + "..."\n $X + $Y $X.concat($Y) `...${...}...`\n $X.concat("...")\n `Error getting dexName price for token0Symbol/token1Symbol: $UTIL = require(\'util\')\n...\n $UTIL.format(`Error getting dexName price for token0Symbol/token1Symbol:,error,...)\n console.error(`Error getting dexName price for token0Symbol/token1Symbol:,error,...)\n', PosixPath('server/on-chain-price-service.ts'), 'config..semgrep.vendored-rules.javascript.lang.security.audit.unsafe-formatstring') match_id = bb0289a92d8a2dec5971cdff21566b11b6da223f15fc4bb8832ab39802b2add8ff5b0d88ba899e0d0faa12f61b942ba164605ab53efe32a5523765d8846a802c_0
2025-06-08 09:55:01,800 - semgrep.rule_match - DEBUG - match_key = ('"..." + "..."\n $X + $Y $X.concat($Y) `...${...}...`\n $X.concat("...")\n `Error getting dexName price for token0Symbol/token1Symbol: $UTIL = require(\'util\')\n...\n $UTIL.format(`Error getting dexName price for token0Symbol/token1Symbol:,error,...)\n console.error(`Error getting dexName price for token0Symbol/token1Symbol:,error,...)\n', PosixPath('server/on-chain-price-service.ts'), 'config..semgrep.vendored-rules.javascript.lang.security.audit.unsafe-formatstring') match_id = bb0289a92d8a2dec5971cdff21566b11b6da223f15fc4bb8832ab39802b2add8ff5b0d88ba899e0d0faa12f61b942ba164605ab53efe32a5523765d8846a802c_0
2025-06-08 09:55:01,801 - semgrep.rule_match - DEBUG - match_key = ('', PosixPath('server/on-chain-price-service.ts'), 'config..semgrep.vendored-rules.javascript.lang.security.audit.unsafe-formatstring') match_id = afd72e5170955f678a8ea0d84d884810767d954e318b3e724c8d50c0e5879b68bb7b1c782f7e19d1252fb57dc2190cf8fe794c020f965347c0c44da51afbb72f_0
2025-06-08 09:55:01,802 - semgrep.rule_match - DEBUG - match_key = ('"..." + "..."\n $X + $Y $X.concat($Y) `...${...}...`\n $X.concat("...")\n `Failed to get price from dexName: $UTIL = require(\'util\')\n...\n $UTIL.format(`Failed to get price from dexName:,error,...)\n console.error(`Failed to get price from dexName:,error,...)\n', PosixPath('server/on-chain-price-service.ts'), 'config..semgrep.vendored-rules.javascript.lang.security.audit.unsafe-formatstring') match_id = afa3d05a22298092d698235caeadcf0ede2e48b8116e9842ef4b4ec558f4ae1a25a1ee82a5ce0bb69c72a49b8da66419991cdccdb8ccc6c1a6cd572c1236e66c_0
2025-06-08 09:55:01,802 - semgrep.rule_match - DEBUG - match_key = ('"..." + "..."\n $X + $Y $X.concat($Y) `...${...}...`\n $X.concat("...")\n `Failed to get price from dexName: $UTIL = require(\'util\')\n...\n $UTIL.format(`Failed to get price from dexName:,error,...)\n console.error(`Failed to get price from dexName:,error,...)\n', PosixPath('server/on-chain-price-service.ts'), 'config..semgrep.vendored-rules.javascript.lang.security.audit.unsafe-formatstring') match_id = afa3d05a22298092d698235caeadcf0ede2e48b8116e9842ef4b4ec558f4ae1a25a1ee82a5ce0bb69c72a49b8da66419991cdccdb8ccc6c1a6cd572c1236e66c_0
2025-06-08 09:55:01,802 - semgrep.rule_match - DEBUG - match_key = ('"..." + "..."\n $X + $Y $X.concat($Y) `...${...}...`\n $X.concat("...")\n `Failed to get price from dexName: $UTIL = require(\'util\')\n...\n $UTIL.format(`Failed to get price from dexName:,error,...)\n console.error(`Failed to get price from dexName:,error,...)\n', PosixPath('server/on-chain-price-service.ts'), 'config..semgrep.vendored-rules.javascript.lang.security.audit.unsafe-formatstring') match_id = afa3d05a22298092d698235caeadcf0ede2e48b8116e9842ef4b4ec558f4ae1a25a1ee82a5ce0bb69c72a49b8da66419991cdccdb8ccc6c1a6cd572c1236e66c_0
2025-06-08 09:55:01,803 - semgrep.rule_match - DEBUG - match_key = ('', PosixPath('server/price-monitor.ts'), 'config..semgrep.vendored-rules.javascript.lang.security.audit.unsafe-formatstring') match_id = 31428bf9d0b8fb866593ba9c5c5caac6ebc4f02c8d4afd361c92b7799c495c1ee773b31d0426e911940be464d3e38063eca83a8f302e07760446fb502bbd41f4_0
2025-06-08 09:55:01,803 - semgrep.rule_match - DEBUG - match_key = ('"..." + "..."\n $X + $Y $X.concat($Y) `...${...}...`\n $X.concat("...")\n `Failed to fetch prices from source.name: $UTIL = require(\'util\')\n...\n $UTIL.format(`Failed to fetch prices from source.name:,error,...)\n console.error(`Failed to fetch prices from source.name:,error,...)\n', PosixPath('server/price-monitor.ts'), 'config..semgrep.vendored-rules.javascript.lang.security.audit.unsafe-formatstring') match_id = d05c4d6e0fffc65e24dc082d7dda02752c87b96ae28ccfb2ef6bb6174ed9ccbbac2bb77c6ac5e96a9ecf4dc07832cdd7d4f9a041f0e63e16d8796370394dc2fe_0
2025-06-08 09:55:01,804 - semgrep.rule_match - DEBUG - match_key = ('"..." + "..."\n $X + $Y $X.concat($Y) `...${...}...`\n $X.concat("...")\n `Failed to fetch prices from source.name: $UTIL = require(\'util\')\n...\n $UTIL.format(`Failed to fetch prices from source.name:,error,...)\n console.error(`Failed to fetch prices from source.name:,error,...)\n', PosixPath('server/price-monitor.ts'), 'config..semgrep.vendored-rules.javascript.lang.security.audit.unsafe-formatstring') match_id = d05c4d6e0fffc65e24dc082d7dda02752c87b96ae28ccfb2ef6bb6174ed9ccbbac2bb77c6ac5e96a9ecf4dc07832cdd7d4f9a041f0e63e16d8796370394dc2fe_0
2025-06-08 09:55:01,804 - semgrep.rule_match - DEBUG - match_key = ('"..." + "..."\n $X + $Y $X.concat($Y) `...${...}...`\n $X.concat("...")\n `Failed to fetch prices from source.name: $UTIL = require(\'util\')\n...\n $UTIL.format(`Failed to fetch prices from source.name:,error,...)\n console.error(`Failed to fetch prices from source.name:,error,...)\n', PosixPath('server/price-monitor.ts'), 'config..semgrep.vendored-rules.javascript.lang.security.audit.unsafe-formatstring') match_id = d05c4d6e0fffc65e24dc082d7dda02752c87b96ae28ccfb2ef6bb6174ed9ccbbac2bb77c6ac5e96a9ecf4dc07832cdd7d4f9a041f0e63e16d8796370394dc2fe_0
2025-06-08 09:55:01,805 - semgrep.rule_match - DEBUG - match_key = ('', PosixPath('server/real-price-service.ts'), 'config..semgrep.vendored-rules.javascript.lang.security.audit.unsafe-formatstring') match_id = 7903aa90cc783f6c2f27c2170f16e730c9a3d477cb6a939a74d1ba38522ff28125c4be95e79f05d4e4919dbd71bf68fc9905e8eff09c74420afdae513a5e83eb_0
2025-06-08 09:55:01,805 - semgrep.rule_match - DEBUG - match_key = ('"..." + "..."\n $X + $Y $X.concat($Y) `...${...}...`\n $X.concat("...")\n `Error fetching price for tokenId: $UTIL = require(\'util\')\n...\n $UTIL.format(`Error fetching price for tokenId:,error,...)\n console.error(`Error fetching price for tokenId:,error,...)\n', PosixPath('server/real-price-service.ts'), 'config..semgrep.vendored-rules.javascript.lang.security.audit.unsafe-formatstring') match_id = 13a771e6002d52f9b023de0a1fd7035813d2e976bdb7c4e55a6bc5ad2ec7b9f5db3f95f978b930eb519e07c66b99d64034e2b0983a3a5cfaffac317cb8a544ea_0
2025-06-08 09:55:01,805 - semgrep.rule_match - DEBUG - match_key = ('"..." + "..."\n $X + $Y $X.concat($Y) `...${...}...`\n $X.concat("...")\n `Error fetching price for tokenId: $UTIL = require(\'util\')\n...\n $UTIL.format(`Error fetching price for tokenId:,error,...)\n console.error(`Error fetching price for tokenId:,error,...)\n', PosixPath('server/real-price-service.ts'), 'config..semgrep.vendored-rules.javascript.lang.security.audit.unsafe-formatstring') match_id = 13a771e6002d52f9b023de0a1fd7035813d2e976bdb7c4e55a6bc5ad2ec7b9f5db3f95f978b930eb519e07c66b99d64034e2b0983a3a5cfaffac317cb8a544ea_0
2025-06-08 09:55:01,806 - semgrep.rule_match - DEBUG - match_key = ('"..." + "..."\n $X + $Y $X.concat($Y) `...${...}...`\n $X.concat("...")\n `Error fetching price for tokenId: $UTIL = require(\'util\')\n...\n $UTIL.format(`Error fetching price for tokenId:,error,...)\n console.error(`Error fetching price for tokenId:,error,...)\n', PosixPath('server/real-price-service.ts'), 'config..semgrep.vendored-rules.javascript.lang.security.audit.unsafe-formatstring') match_id = 13a771e6002d52f9b023de0a1fd7035813d2e976bdb7c4e55a6bc5ad2ec7b9f5db3f95f978b930eb519e07c66b99d64034e2b0983a3a5cfaffac317cb8a544ea_0
2025-06-08 09:55:01,806 - semgrep.rule_match - DEBUG - match_key = ('', PosixPath('server/trade-executor.ts'), 'config..semgrep.vendored-rules.javascript.lang.security.audit.unsafe-formatstring') match_id = de4db4b88bd818cdc82f9be6923d55857ed300c10412594563c0d398d328ffe8bc4adc757df5e4d0a66a44485c7b65364993bbac4c2c80043dc3c8c5523984cb_0
2025-06-08 09:55:01,807 - semgrep.rule_match - DEBUG - match_key = ('"..." + "..."\n $X + $Y $X.concat($Y) `...${...}...`\n $X.concat("...")\n `Failed to unlock opportunity opportunity.id: $UTIL = require(\'util\')\n...\n $UTIL.format(`Failed to unlock opportunity opportunity.id:,unlockError,...)\n console.error(`Failed to unlock opportunity opportunity.id:,unlockError,...)\n', PosixPath('server/trade-executor.ts'), 'config..semgrep.vendored-rules.javascript.lang.security.audit.unsafe-formatstring') match_id = 57ce70d18553417717fffede0b47b6bde2f8e24815647cbd3ebee06a73a8843d4e2acfdb585e1edf8725cb2f612c389b0160ffe53ecd114899d60c8bf4206b3e_0
2025-06-08 09:55:01,807 - semgrep.rule_match - DEBUG - match_key = ('"..." + "..."\n $X + $Y $X.concat($Y) `...${...}...`\n $X.concat("...")\n `Failed to unlock opportunity opportunity.id: $UTIL = require(\'util\')\n...\n $UTIL.format(`Failed to unlock opportunity opportunity.id:,unlockError,...)\n console.error(`Failed to unlock opportunity opportunity.id:,unlockError,...)\n', PosixPath('server/trade-executor.ts'), 'config..semgrep.vendored-rules.javascript.lang.security.audit.unsafe-formatstring') match_id = 57ce70d18553417717fffede0b47b6bde2f8e24815647cbd3ebee06a73a8843d4e2acfdb585e1edf8725cb2f612c389b0160ffe53ecd114899d60c8bf4206b3e_0
2025-06-08 09:55:01,808 - semgrep.rule_match - DEBUG - match_key = ('"..." + "..."\n $X + $Y $X.concat($Y) `...${...}...`\n $X.concat("...")\n `Failed to unlock opportunity opportunity.id: $UTIL = require(\'util\')\n...\n $UTIL.format(`Failed to unlock opportunity opportunity.id:,unlockError,...)\n console.error(`Failed to unlock opportunity opportunity.id:,unlockError,...)\n', PosixPath('server/trade-executor.ts'), 'config..semgrep.vendored-rules.javascript.lang.security.audit.unsafe-formatstring') match_id = 57ce70d18553417717fffede0b47b6bde2f8e24815647cbd3ebee06a73a8843d4e2acfdb585e1edf8725cb2f612c389b0160ffe53ecd114899d60c8bf4206b3e_0
2025-06-08 09:55:01,810 - semgrep.core_runner - DEBUG - semgrep ran in 0:00:07.797271 on 115 files
2025-06-08 09:55:01,812 - semgrep.core_runner - DEBUG - findings summary: 1 warning, 0 error, 8 info
2025-06-08 09:55:01,815 - semgrep.app.auth - DEBUG - Getting API token from settings file
2025-06-08 09:55:01,815 - semgrep.app.auth - DEBUG - No API token found in settings file
2025-06-08 09:55:01,815 - semgrep.semgrep_core - DEBUG - Failed to open resource semgrep-core-proprietary: [Errno 2] No such file or directory: '/tmp/_MEIrzd2pB/semgrep/bin/semgrep-core-proprietary'.
2025-06-08 09:55:01,929 - semgrep.output - VERBOSE - 
========================================
Files skipped:
========================================

  Always skipped by Opengrep:

   • <none>

  Skipped by .gitignore:
  (Disable by passing --no-git-ignore)

   • <all files not listed by `git ls-files` were skipped>

  Skipped by .semgrepignore:
  - https://semgrep.dev/docs/ignoring-files-folders-code/#understand-semgrep-defaults

   • <none>

  Skipped by --include patterns:

   • <none>

  Skipped by --exclude patterns:

   • <none>

  Files skipped due to insufficient read permissions:

   • <none>

  Skipped by limiting to files smaller than 1000000 bytes:
  (Adjust with the --max-target-bytes flag)

   • <none>

  Partially analyzed due to parsing or internal Opengrep errors

   • tailwind.config.ts (1 lines skipped)

2025-06-08 09:55:01,931 - semgrep.output - INFO - Some files were skipped or only partially analyzed.
  Scan was limited to files tracked by git.
  Partially scanned: 1 files only partially analyzed due to parsing or internal Opengrep errors

Ran 435 rules on 115 files: 9 findings.
2025-06-08 09:55:01,931 - semgrep.app.version - DEBUG - Version cache does not exist
2025-06-08 09:55:01,945 - semgrep.metrics - VERBOSE - Not sending pseudonymous metrics since metrics are configured to OFF and registry usage is False
